<?xml version="1.0" encoding="UTF-8"?>
<!-- Generated by org.testng.reporters.JUnitReportReporter -->
<testsuite hostname="DESKTOP-B4DE2CC" failures="0" tests="4" name="tests.GiftCardTest" time="65.701" errors="0" timestamp="2025-09-22T09:55:09 IST" skipped="0">
  <testcase classname="tests.GiftCardTest" name="testInvalidGiftVoucher" time="17.060"/>
  <testcase classname="tests.GiftCardTest" name="testGiftCardSection" time="15.915"/>
  <testcase classname="tests.GiftCardTest" name="testInvalidGiftVoucher" time="16.566"/>
  <testcase classname="tests.GiftCardTest" name="testGiftCardSection" time="16.160"/>
</testsuite> <!-- tests.GiftCardTest -->
