<?xml version="1.0" encoding="UTF-8"?>
<!-- Generated by org.testng.reporters.JUnitReportReporter -->
<testsuite hostname="DESKTOP-B4DE2CC" failures="0" tests="12" name="tests.CityTest" time="212.070" errors="0" timestamp="2025-09-11T21:47:26 IST" skipped="0">
  <testcase classname="tests.CityTest" name="testSearchAndSelectCity" time="19.754"/>
  <testcase classname="tests.CityTest" name="testViewAllCities" time="9.286"/>
  <testcase classname="tests.CityTest" name="testSearchAndSelectCity" time="27.628"/>
  <testcase classname="tests.CityTest" name="testViewAllCities" time="10.586"/>
  <testcase classname="tests.CityTest" name="testChangeLocation" time="28.289"/>
  <testcase classname="tests.CityTest" name="testSearchAndSelectCity" time="21.082"/>
  <testcase classname="tests.CityTest" name="testViewAllCities" time="19.111"/>
  <testcase classname="tests.CityTest" name="testChangeLocation" time="19.157"/>
  <testcase classname="tests.CityTest" name="testSelectCityByIcon" time="9.644"/>
  <testcase classname="tests.CityTest" name="testChangeLocation" time="22.180"/>
  <testcase classname="tests.CityTest" name="testSelectCityByIcon" time="7.338"/>
  <testcase classname="tests.CityTest" name="testSelectCityByIcon" time="18.015"/>
</testsuite> <!-- tests.CityTest -->
