<?xml version="1.0" encoding="UTF-8"?>
<!-- Generated by org.testng.reporters.JUnitReportReporter -->
<testsuite hostname="DESKTOP-B4DE2CC" failures="0" tests="9" name="tests.MovieTest" time="272.273" errors="0" timestamp="2025-09-11T20:29:55 IST" skipped="0">
  <testcase classname="tests.MovieTest" name="testTopMenuNavigation" time="35.555"/>
  <testcase classname="tests.MovieTest" name="testUpcomingAndNowShowing" time="32.360"/>
  <testcase classname="tests.MovieTest" name="testMovie8SelectRunningMovie" time="20.735"/>
  <testcase classname="tests.MovieTest" name="testTopMenuNavigation" time="42.997"/>
  <testcase classname="tests.MovieTest" name="testUpcomingAndNowShowing" time="28.472"/>
  <testcase classname="tests.MovieTest" name="testMovie8SelectRunningMovie" time="29.011"/>
  <testcase classname="tests.MovieTest" name="testTopMenuNavigation" time="35.745"/>
  <testcase classname="tests.MovieTest" name="testMovie8SelectRunningMovie" time="26.276"/>
  <testcase classname="tests.MovieTest" name="testUpcomingAndNowShowing" time="21.122"/>
</testsuite> <!-- tests.MovieTest -->
