<?xml version="1.0" encoding="UTF-8"?>
<!-- Generated by org.testng.reporters.JUnitReportReporter -->
<testsuite hostname="DESKTOP-B4DE2CC" failures="0" tests="9" name="tests.LoginTest" time="247.251" errors="0" timestamp="2025-09-11T20:29:55 IST" skipped="0">
  <testcase classname="tests.LoginTest" name="testLoginWithInvalidMobile" time="22.204"/>
  <testcase classname="tests.LoginTest" name="testLoginUIElements" time="33.155"/>
  <testcase classname="tests.LoginTest" name="testLoginWithValidMobile" time="28.644"/>
  <testcase classname="tests.LoginTest" name="testLoginWithValidMobile" time="23.048"/>
  <testcase classname="tests.LoginTest" name="testLoginWithValidMobile" time="21.526"/>
  <testcase classname="tests.LoginTest" name="testLoginUIElements" time="35.649"/>
  <testcase classname="tests.LoginTest" name="testLoginUIElements" time="21.364"/>
  <testcase classname="tests.LoginTest" name="testLoginWithInvalidMobile" time="30.019"/>
  <testcase classname="tests.LoginTest" name="testLoginWithInvalidMobile" time="31.642"/>
</testsuite> <!-- tests.LoginTest -->
