<?xml version="1.0" encoding="UTF-8"?>
<!-- Generated by org.testng.reporters.JUnitReportReporter -->
<testsuite hostname="DESKTOP-B4DE2CC" failures="0" tests="6" name="tests.MovieTest" time="154.419" errors="0" timestamp="2025-09-19T10:52:48 IST" skipped="0">
  <testcase classname="tests.MovieTest" name="testUpcomingAndNowShowing" time="19.700"/>
  <testcase classname="tests.MovieTest" name="testMovie8SelectRunningMovie" time="20.424"/>
  <testcase classname="tests.MovieTest" name="testMovie8SelectRunningMovie" time="23.135"/>
  <testcase classname="tests.MovieTest" name="testTopMenuNavigation" time="35.324"/>
  <testcase classname="tests.MovieTest" name="testUpcomingAndNowShowing" time="20.769"/>
  <testcase classname="tests.MovieTest" name="testTopMenuNavigation" time="35.067"/>
</testsuite> <!-- tests.MovieTest -->
