<?xml version="1.0" encoding="UTF-8"?>
<!-- Generated by org.testng.reporters.JUnitReportReporter -->
<testsuite hostname="DESKTOP-B4DE2CC" failures="0" tests="6" name="tests.GiftCardTest" time="128.717" errors="0" timestamp="2025-09-11T20:46:16 IST" skipped="0">
  <testcase classname="tests.GiftCardTest" name="testInvalidGiftVoucher" time="23.747"/>
  <testcase classname="tests.GiftCardTest" name="testInvalidGiftVoucher" time="21.347"/>
  <testcase classname="tests.GiftCardTest" name="testGiftCardSection" time="22.979"/>
  <testcase classname="tests.GiftCardTest" name="testGiftCardSection" time="18.493"/>
  <testcase classname="tests.GiftCardTest" name="testGiftCardSection" time="18.962"/>
  <testcase classname="tests.GiftCardTest" name="testInvalidGiftVoucher" time="23.189"/>
</testsuite> <!-- tests.GiftCardTest -->
