<?xml version="1.0" encoding="UTF-8"?>
<!-- Generated by org.testng.reporters.JUnitReportReporter -->
<testsuite hostname="DESKTOP-B4DE2CC" failures="0" tests="9" name="tests.MovieTest" time="258.140" errors="0" timestamp="2025-09-11T20:46:16 IST" skipped="0">
  <testcase classname="tests.MovieTest" name="testUpcomingAndNowShowing" time="31.854"/>
  <testcase classname="tests.MovieTest" name="testTopMenuNavigation" time="35.435"/>
  <testcase classname="tests.MovieTest" name="testUpcomingAndNowShowing" time="20.702"/>
  <testcase classname="tests.MovieTest" name="testMovie8SelectRunningMovie" time="21.107"/>
  <testcase classname="tests.MovieTest" name="testMovie8SelectRunningMovie" time="23.019"/>
  <testcase classname="tests.MovieTest" name="testUpcomingAndNowShowing" time="23.539"/>
  <testcase classname="tests.MovieTest" name="testTopMenuNavigation" time="40.444"/>
  <testcase classname="tests.MovieTest" name="testTopMenuNavigation" time="35.553"/>
  <testcase classname="tests.MovieTest" name="testMovie8SelectRunningMovie" time="26.487"/>
</testsuite> <!-- tests.MovieTest -->
