<?xml version="1.0" encoding="UTF-8"?>
<!-- Generated by org.testng.reporters.JUnitReportReporter -->
<testsuite hostname="DESKTOP-B4DE2CC" failures="0" tests="4" name="tests.CityTest" time="92.979" errors="0" timestamp="2025-09-14T21:24:48 IST" skipped="0">
  <testcase classname="tests.CityTest" name="testSearchAndSelectCity" time="22.955"/>
  <testcase classname="tests.CityTest" name="testViewAllCities" time="18.854"/>
  <testcase classname="tests.CityTest" name="testSelectCityByIcon" time="12.769"/>
  <testcase classname="tests.CityTest" name="testChangeLocation" time="38.401"/>
</testsuite> <!-- tests.CityTest -->
