<?xml version="1.0" encoding="UTF-8"?>
<!-- Generated by org.testng.reporters.JUnitReportReporter -->
<testsuite hostname="DESKTOP-B4DE2CC" failures="0" tests="6" name="tests.GiftCardTest" time="131.312" errors="0" timestamp="2025-09-11T21:47:26 IST" skipped="0">
  <testcase classname="tests.GiftCardTest" name="testGiftCardSection" time="21.654"/>
  <testcase classname="tests.GiftCardTest" name="testGiftCardSection" time="23.870"/>
  <testcase classname="tests.GiftCardTest" name="testInvalidGiftVoucher" time="20.368"/>
  <testcase classname="tests.GiftCardTest" name="testGiftCardSection" time="20.009"/>
  <testcase classname="tests.GiftCardTest" name="testInvalidGiftVoucher" time="25.145"/>
  <testcase classname="tests.GiftCardTest" name="testInvalidGiftVoucher" time="20.266"/>
</testsuite> <!-- tests.GiftCardTest -->
