<?xml version="1.0" encoding="UTF-8"?>
<!-- Generated by org.testng.reporters.JUnitReportReporter -->
<testsuite hostname="DESKTOP-B4DE2CC" failures="0" tests="6" name="tests.MovieTest" time="148.518" errors="0" timestamp="2025-09-21T15:15:01 IST" skipped="0">
  <testcase classname="tests.MovieTest" name="testTopMenuNavigation" time="34.621"/>
  <testcase classname="tests.MovieTest" name="testUpcomingAndNowShowing" time="19.658"/>
  <testcase classname="tests.MovieTest" name="testUpcomingAndNowShowing" time="19.888"/>
  <testcase classname="tests.MovieTest" name="testMovie8SelectRunningMovie" time="20.329"/>
  <testcase classname="tests.MovieTest" name="testMovie8SelectRunningMovie" time="19.497"/>
  <testcase classname="tests.MovieTest" name="testTopMenuNavigation" time="34.525"/>
</testsuite> <!-- tests.MovieTest -->
