<?xml version="1.0" encoding="UTF-8"?>
<!-- Generated by org.testng.reporters.JUnitReportReporter -->
<testsuite hostname="DESKTOP-B4DE2CC" failures="0" tests="6" name="tests.GiftCardTest" time="134.726" errors="0" timestamp="2025-09-11T20:29:55 IST" skipped="0">
  <testcase classname="tests.GiftCardTest" name="testInvalidGiftVoucher" time="24.353"/>
  <testcase classname="tests.GiftCardTest" name="testInvalidGiftVoucher" time="21.616"/>
  <testcase classname="tests.GiftCardTest" name="testGiftCardSection" time="21.837"/>
  <testcase classname="tests.GiftCardTest" name="testInvalidGiftVoucher" time="20.798"/>
  <testcase classname="tests.GiftCardTest" name="testGiftCardSection" time="22.488"/>
  <testcase classname="tests.GiftCardTest" name="testGiftCardSection" time="23.634"/>
</testsuite> <!-- tests.GiftCardTest -->
