<?xml version="1.0" encoding="UTF-8"?>
<!-- Generated by org.testng.reporters.JUnitReportReporter -->
<testsuite hostname="DESKTOP-B4DE2CC" failures="0" tests="4" name="tests.GiftCardTest" time="85.697" errors="0" timestamp="2025-09-19T10:52:48 IST" skipped="0">
  <testcase classname="tests.GiftCardTest" name="testGiftCardSection" time="17.711"/>
  <testcase classname="tests.GiftCardTest" name="testInvalidGiftVoucher" time="18.837"/>
  <testcase classname="tests.GiftCardTest" name="testInvalidGiftVoucher" time="19.263"/>
  <testcase classname="tests.GiftCardTest" name="testGiftCardSection" time="29.886"/>
</testsuite> <!-- tests.GiftCardTest -->
