<?xml version="1.0" encoding="UTF-8"?>
<!-- Generated by org.testng.reporters.JUnitReportReporter -->
<testsuite hostname="DESKTOP-B4DE2CC" failures="0" tests="21" name="tests.LoginTest" time="548.995" errors="0" timestamp="2025-09-11T21:47:26 IST" skipped="0">
  <testcase classname="tests.LoginTest" name="testLoginWithValidMobile" time="24.995"/>
  <testcase classname="tests.LoginTest" name="testLoginWithInvalidMobile" time="32.141"/>
  <testcase classname="tests.LoginTest" name="testLoginUIElements" time="23.358"/>
  <testcase classname="tests.LoginTest" name="testLoginUIElements" time="23.302"/>
  <testcase classname="tests.LoginTest" name="testLoginWithValidMobile" time="34.503"/>
  <testcase classname="tests.LoginTest" name="testLoginWithInvalidMobile" time="21.923"/>
  <testcase classname="tests.LoginTest" name="testLoginUIElements" time="23.336"/>
  <testcase classname="tests.LoginTest" name="testLoginWithValidMobile" time="21.392"/>
  <testcase classname="tests.LoginTest" name="testLoginUIElements" time="25.225"/>
  <testcase classname="tests.LoginTest" name="testLoginWithValidMobile" time="32.843"/>
  <testcase classname="tests.LoginTest" name="testLoginUIElements" time="28.322"/>
  <testcase classname="tests.LoginTest" name="testLoginUIElements" time="23.691"/>
  <testcase classname="tests.LoginTest" name="testLoginWithValidMobile" time="29.006"/>
  <testcase classname="tests.LoginTest" name="testLoginWithValidMobile" time="17.140"/>
  <testcase classname="tests.LoginTest" name="testLoginWithValidMobile" time="21.347"/>
  <testcase classname="tests.LoginTest" name="testLoginUIElements" time="29.055"/>
  <testcase classname="tests.LoginTest" name="testLoginUIElements" time="20.743"/>
  <testcase classname="tests.LoginTest" name="testLoginUIElements" time="30.004"/>
  <testcase classname="tests.LoginTest" name="testLoginWithValidMobile" time="29.302"/>
  <testcase classname="tests.LoginTest" name="testLoginWithValidMobile" time="28.576"/>
  <testcase classname="tests.LoginTest" name="testLoginWithInvalidMobile" time="28.791"/>
</testsuite> <!-- tests.LoginTest -->
