<?xml version="1.0" encoding="UTF-8"?>
<!-- Generated by org.testng.reporters.JUnitReportReporter -->
<testsuite hostname="DESKTOP-B4DE2CC" failures="0" tests="12" name="tests.CityTest" time="206.719" errors="0" timestamp="2025-09-11T20:46:16 IST" skipped="0">
  <testcase classname="tests.CityTest" name="testSearchAndSelectCity" time="22.966"/>
  <testcase classname="tests.CityTest" name="testViewAllCities" time="9.039"/>
  <testcase classname="tests.CityTest" name="testSelectCityByIcon" time="8.416"/>
  <testcase classname="tests.CityTest" name="testSelectCityByIcon" time="3.123"/>
  <testcase classname="tests.CityTest" name="testViewAllCities" time="9.848"/>
  <testcase classname="tests.CityTest" name="testSearchAndSelectCity" time="28.403"/>
  <testcase classname="tests.CityTest" name="testViewAllCities" time="16.314"/>
  <testcase classname="tests.CityTest" name="testChangeLocation" time="18.982"/>
  <testcase classname="tests.CityTest" name="testChangeLocation" time="31.994"/>
  <testcase classname="tests.CityTest" name="testChangeLocation" time="21.869"/>
  <testcase classname="tests.CityTest" name="testSearchAndSelectCity" time="18.483"/>
  <testcase classname="tests.CityTest" name="testSelectCityByIcon" time="17.282"/>
</testsuite> <!-- tests.CityTest -->
