<?xml version="1.0" encoding="UTF-8"?>
<!-- Generated by org.testng.reporters.JUnitReportReporter -->
<testsuite hostname="DESKTOP-B4DE2CC" failures="0" tests="6" name="tests.MovieTest" time="150.986" errors="0" timestamp="2025-09-22T09:55:09 IST" skipped="0">
  <testcase classname="tests.MovieTest" name="testUpcomingAndNowShowing" time="25.232"/>
  <testcase classname="tests.MovieTest" name="testMovie8SelectRunningMovie" time="23.399"/>
  <testcase classname="tests.MovieTest" name="testUpcomingAndNowShowing" time="17.911"/>
  <testcase classname="tests.MovieTest" name="testTopMenuNavigation" time="34.245"/>
  <testcase classname="tests.MovieTest" name="testTopMenuNavigation" time="32.276"/>
  <testcase classname="tests.MovieTest" name="testMovie8SelectRunningMovie" time="17.923"/>
</testsuite> <!-- tests.MovieTest -->
