<?xml version="1.0" encoding="UTF-8"?>
<!-- Generated by org.testng.reporters.JUnitReportReporter -->
<testsuite hostname="DESKTOP-B4DE2CC" failures="0" tests="9" name="tests.MovieTest" time="263.996" errors="0" timestamp="2025-09-11T21:47:26 IST" skipped="0">
  <testcase classname="tests.MovieTest" name="testMovie8SelectRunningMovie" time="23.383"/>
  <testcase classname="tests.MovieTest" name="testUpcomingAndNowShowing" time="22.102"/>
  <testcase classname="tests.MovieTest" name="testMovie8SelectRunningMovie" time="30.628"/>
  <testcase classname="tests.MovieTest" name="testTopMenuNavigation" time="36.470"/>
  <testcase classname="tests.MovieTest" name="testUpcomingAndNowShowing" time="30.638"/>
  <testcase classname="tests.MovieTest" name="testTopMenuNavigation" time="38.578"/>
  <testcase classname="tests.MovieTest" name="testUpcomingAndNowShowing" time="20.721"/>
  <testcase classname="tests.MovieTest" name="testMovie8SelectRunningMovie" time="23.437"/>
  <testcase classname="tests.MovieTest" name="testTopMenuNavigation" time="38.039"/>
</testsuite> <!-- tests.MovieTest -->
