<?xml version="1.0" encoding="UTF-8"?>
<!-- Generated by org.testng.reporters.JUnitReportReporter -->
<testsuite hostname="DESKTOP-B4DE2CC" failures="0" tests="9" name="tests.LoginTest" time="213.696" errors="0" timestamp="2025-09-11T20:46:16 IST" skipped="0">
  <testcase classname="tests.LoginTest" name="testLoginWithValidMobile" time="31.530"/>
  <testcase classname="tests.LoginTest" name="testLoginWithInvalidMobile" time="20.754"/>
  <testcase classname="tests.LoginTest" name="testLoginWithValidMobile" time="20.447"/>
  <testcase classname="tests.LoginTest" name="testLoginWithInvalidMobile" time="26.277"/>
  <testcase classname="tests.LoginTest" name="testLoginWithInvalidMobile" time="21.375"/>
  <testcase classname="tests.LoginTest" name="testLoginUIElements" time="29.670"/>
  <testcase classname="tests.LoginTest" name="testLoginWithValidMobile" time="21.794"/>
  <testcase classname="tests.LoginTest" name="testLoginUIElements" time="20.444"/>
  <testcase classname="tests.LoginTest" name="testLoginUIElements" time="21.405"/>
</testsuite> <!-- tests.LoginTest -->
