<?xml version="1.0" encoding="UTF-8"?>
<!-- Generated by org.testng.reporters.JUnitReportReporter -->
<testsuite hostname="DESKTOP-B4DE2CC" failures="0" tests="8" name="tests.CityTest" time="102.203" errors="0" timestamp="2025-09-18T21:17:04 IST" skipped="0">
  <testcase classname="tests.CityTest" name="testViewAllCities" time="7.283"/>
  <testcase classname="tests.CityTest" name="testViewAllCities" time="7.657"/>
  <testcase classname="tests.CityTest" name="testSearchAndSelectCity" time="17.287"/>
  <testcase classname="tests.CityTest" name="testChangeLocation" time="18.192"/>
  <testcase classname="tests.CityTest" name="testSelectCityByIcon" time="7.384"/>
  <testcase classname="tests.CityTest" name="testSearchAndSelectCity" time="17.525"/>
  <testcase classname="tests.CityTest" name="testChangeLocation" time="19.191"/>
  <testcase classname="tests.CityTest" name="testSelectCityByIcon" time="7.684"/>
</testsuite> <!-- tests.CityTest -->
