<?xml version="1.0" encoding="UTF-8"?>
<!-- Generated by org.testng.reporters.JUnitReportReporter -->
<testsuite hostname="DESKTOP-B4DE2CC" failures="0" tests="14" name="tests.LoginTest" time="313.365" errors="0" timestamp="2025-09-21T15:15:01 IST" skipped="0">
  <testcase classname="tests.LoginTest" name="testLoginWithValidMobile" time="23.308"/>
  <testcase classname="tests.LoginTest" name="testLoginUIElements" time="21.179"/>
  <testcase classname="tests.LoginTest" name="testLoginWithValidMobile" time="22.200"/>
  <testcase classname="tests.LoginTest" name="testLoginUIElements" time="20.396"/>
  <testcase classname="tests.LoginTest" name="testLoginWithInvalidMobile" time="22.953"/>
  <testcase classname="tests.LoginTest" name="testLoginUIElements" time="20.195"/>
  <testcase classname="tests.LoginTest" name="testLoginWithValidMobile" time="23.982"/>
  <testcase classname="tests.LoginTest" name="testLoginWithValidMobile" time="22.115"/>
  <testcase classname="tests.LoginTest" name="testLoginUIElements" time="20.700"/>
  <testcase classname="tests.LoginTest" name="testLoginUIElements" time="23.813"/>
  <testcase classname="tests.LoginTest" name="testLoginWithInvalidMobile" time="28.794"/>
  <testcase classname="tests.LoginTest" name="testLoginWithValidMobile" time="23.517"/>
  <testcase classname="tests.LoginTest" name="testLoginWithValidMobile" time="19.518"/>
  <testcase classname="tests.LoginTest" name="testLoginUIElements" time="20.695"/>
</testsuite> <!-- tests.LoginTest -->
