<?xml version="1.0" encoding="UTF-8"?>
<!-- Generated by org.testng.reporters.JUnitReportReporter -->
<testsuite hostname="DESKTOP-B4DE2CC" failures="0" tests="12" name="tests.CityTest" time="206.198" errors="0" timestamp="2025-09-11T20:29:55 IST" skipped="0">
  <testcase classname="tests.CityTest" name="testSelectCityByIcon" time="15.411"/>
  <testcase classname="tests.CityTest" name="testChangeLocation" time="17.838"/>
  <testcase classname="tests.CityTest" name="testSearchAndSelectCity" time="21.609"/>
  <testcase classname="tests.CityTest" name="testViewAllCities" time="11.134"/>
  <testcase classname="tests.CityTest" name="testSelectCityByIcon" time="10.552"/>
  <testcase classname="tests.CityTest" name="testSearchAndSelectCity" time="27.952"/>
  <testcase classname="tests.CityTest" name="testViewAllCities" time="7.912"/>
  <testcase classname="tests.CityTest" name="testChangeLocation" time="27.604"/>
  <testcase classname="tests.CityTest" name="testSearchAndSelectCity" time="19.597"/>
  <testcase classname="tests.CityTest" name="testChangeLocation" time="22.302"/>
  <testcase classname="tests.CityTest" name="testViewAllCities" time="16.362"/>
  <testcase classname="tests.CityTest" name="testSelectCityByIcon" time="7.925"/>
</testsuite> <!-- tests.CityTest -->
