<?xml version="1.0" encoding="UTF-8"?>
<!-- Generated by org.testng.reporters.JUnitReportReporter -->
<testsuite hostname="DESKTOP-B4DE2CC" failures="0" tests="4" name="tests.CityTest" time="48.394" errors="0" timestamp="2025-09-19T10:58:03 IST" skipped="0">
  <testcase classname="tests.CityTest" name="testChangeLocation" time="18.506"/>
  <testcase classname="tests.CityTest" name="testSearchAndSelectCity" time="18.337"/>
  <testcase classname="tests.CityTest" name="testSelectCityByIcon" time="5.560"/>
  <testcase classname="tests.CityTest" name="testViewAllCities" time="5.991"/>
</testsuite> <!-- tests.CityTest -->
