<?xml version="1.0" encoding="UTF-8"?>
<!-- Generated by org.testng.reporters.JUnitReportReporter -->
<testsuite hostname="DESKTOP-B4DE2CC" failures="0" tests="14" name="tests.LoginTest" time="398.735" errors="0" timestamp="2025-09-22T09:55:09 IST" skipped="0">
  <testcase classname="tests.LoginTest" name="testLoginWithInvalidMobile" time="28.136"/>
  <testcase classname="tests.LoginTest" name="testLoginUIElements" time="25.119"/>
  <testcase classname="tests.LoginTest" name="testLoginUIElements" time="27.405"/>
  <testcase classname="tests.LoginTest" name="testLoginUIElements" time="28.291"/>
  <testcase classname="tests.LoginTest" name="testLoginUIElements" time="24.300"/>
  <testcase classname="tests.LoginTest" name="testLoginWithValidMobile" time="24.657"/>
  <testcase classname="tests.LoginTest" name="testLoginUIElements" time="27.207"/>
  <testcase classname="tests.LoginTest" name="testLoginWithValidMobile" time="24.736"/>
  <testcase classname="tests.LoginTest" name="testLoginWithValidMobile" time="26.099"/>
  <testcase classname="tests.LoginTest" name="testLoginWithValidMobile" time="58.032"/>
  <testcase classname="tests.LoginTest" name="testLoginWithValidMobile" time="24.637"/>
  <testcase classname="tests.LoginTest" name="testLoginWithValidMobile" time="25.735"/>
  <testcase classname="tests.LoginTest" name="testLoginUIElements" time="30.387"/>
  <testcase classname="tests.LoginTest" name="testLoginWithInvalidMobile" time="23.994"/>
</testsuite> <!-- tests.LoginTest -->
