<?xml version="1.0" encoding="UTF-8"?>
<!-- Generated by org.testng.reporters.JUnitReportReporter -->
<testsuite hostname="DESKTOP-B4DE2CC" failures="0" tests="4" name="tests.GiftCardTest" time="72.959" errors="0" timestamp="2025-09-21T15:15:01 IST" skipped="0">
  <testcase classname="tests.GiftCardTest" name="testInvalidGiftVoucher" time="18.498"/>
  <testcase classname="tests.GiftCardTest" name="testGiftCardSection" time="17.853"/>
  <testcase classname="tests.GiftCardTest" name="testGiftCardSection" time="17.699"/>
  <testcase classname="tests.GiftCardTest" name="testInvalidGiftVoucher" time="18.909"/>
</testsuite> <!-- tests.GiftCardTest -->
