<?xml version="1.0" encoding="UTF-8"?>
<!-- Generated by org.testng.reporters.JUnitReportReporter -->
<testsuite hostname="DESKTOP-B4DE2CC" failures="0" tests="14" name="tests.LoginTest" time="312.145" errors="0" timestamp="2025-09-18T21:17:04 IST" skipped="0">
  <testcase classname="tests.LoginTest" name="testLoginWithValidMobile" time="27.599"/>
  <testcase classname="tests.LoginTest" name="testLoginUIElements" time="19.991"/>
  <testcase classname="tests.LoginTest" name="testLoginWithValidMobile" time="21.020"/>
  <testcase classname="tests.LoginTest" name="testLoginUIElements" time="21.032"/>
  <testcase classname="tests.LoginTest" name="testLoginWithValidMobile" time="21.583"/>
  <testcase classname="tests.LoginTest" name="testLoginUIElements" time="22.160"/>
  <testcase classname="tests.LoginTest" name="testLoginWithValidMobile" time="21.013"/>
  <testcase classname="tests.LoginTest" name="testLoginUIElements" time="21.098"/>
  <testcase classname="tests.LoginTest" name="testLoginWithValidMobile" time="21.305"/>
  <testcase classname="tests.LoginTest" name="testLoginUIElements" time="21.180"/>
  <testcase classname="tests.LoginTest" name="testLoginWithInvalidMobile" time="28.876"/>
  <testcase classname="tests.LoginTest" name="testLoginWithInvalidMobile" time="19.002"/>
  <testcase classname="tests.LoginTest" name="testLoginWithValidMobile" time="25.036"/>
  <testcase classname="tests.LoginTest" name="testLoginUIElements" time="21.250"/>
</testsuite> <!-- tests.LoginTest -->
