<?xml version="1.0" encoding="UTF-8"?>
<!-- Generated by org.testng.reporters.JUnitReportReporter -->
<testsuite hostname="DESKTOP-B4DE2CC" failures="0" tests="14" name="tests.LoginTest" time="312.846" errors="0" timestamp="2025-09-19T10:52:48 IST" skipped="0">
  <testcase classname="tests.LoginTest" name="testLoginWithValidMobile" time="16.561"/>
  <testcase classname="tests.LoginTest" name="testLoginWithValidMobile" time="25.383"/>
  <testcase classname="tests.LoginTest" name="testLoginUIElements" time="20.442"/>
  <testcase classname="tests.LoginTest" name="testLoginUIElements" time="21.312"/>
  <testcase classname="tests.LoginTest" name="testLoginUIElements" time="25.145"/>
  <testcase classname="tests.LoginTest" name="testLoginUIElements" time="33.621"/>
  <testcase classname="tests.LoginTest" name="testLoginUIElements" time="21.101"/>
  <testcase classname="tests.LoginTest" name="testLoginWithValidMobile" time="21.387"/>
  <testcase classname="tests.LoginTest" name="testLoginWithValidMobile" time="20.624"/>
  <testcase classname="tests.LoginTest" name="testLoginUIElements" time="20.594"/>
  <testcase classname="tests.LoginTest" name="testLoginWithValidMobile" time="25.288"/>
  <testcase classname="tests.LoginTest" name="testLoginWithValidMobile" time="20.867"/>
  <testcase classname="tests.LoginTest" name="testLoginWithInvalidMobile" time="19.783"/>
  <testcase classname="tests.LoginTest" name="testLoginWithInvalidMobile" time="20.738"/>
</testsuite> <!-- tests.LoginTest -->
