<?xml version="1.0" encoding="UTF-8"?>
<!-- Generated by org.testng.reporters.JUnitReportReporter -->
<testsuite hostname="DESKTOP-B4DE2CC" failures="0" tests="8" name="tests.CityTest" time="118.329" errors="0" timestamp="2025-09-22T09:55:09 IST" skipped="0">
  <testcase classname="tests.CityTest" name="testChangeLocation" time="15.494"/>
  <testcase classname="tests.CityTest" name="testSelectCityByIcon" time="5.111"/>
  <testcase classname="tests.CityTest" name="testViewAllCities" time="9.433"/>
  <testcase classname="tests.CityTest" name="testViewAllCities" time="11.027"/>
  <testcase classname="tests.CityTest" name="testSearchAndSelectCity" time="23.030"/>
  <testcase classname="tests.CityTest" name="testSelectCityByIcon" time="12.364"/>
  <testcase classname="tests.CityTest" name="testChangeLocation" time="20.173"/>
  <testcase classname="tests.CityTest" name="testSearchAndSelectCity" time="21.697"/>
</testsuite> <!-- tests.CityTest -->
