<?xml version="1.0" encoding="UTF-8"?>
<!-- Generated by org.testng.reporters.JUnitReportReporter -->
<testsuite hostname="DESKTOP-B4DE2CC" failures="0" tests="8" name="tests.CityTest" time="97.162" errors="0" timestamp="2025-09-19T10:52:48 IST" skipped="0">
  <testcase classname="tests.CityTest" name="testSearchAndSelectCity" time="18.386"/>
  <testcase classname="tests.CityTest" name="testViewAllCities" time="6.400"/>
  <testcase classname="tests.CityTest" name="testViewAllCities" time="6.491"/>
  <testcase classname="tests.CityTest" name="testChangeLocation" time="17.926"/>
  <testcase classname="tests.CityTest" name="testSelectCityByIcon" time="5.786"/>
  <testcase classname="tests.CityTest" name="testSelectCityByIcon" time="2.315"/>
  <testcase classname="tests.CityTest" name="testChangeLocation" time="19.070"/>
  <testcase classname="tests.CityTest" name="testSearchAndSelectCity" time="20.788"/>
</testsuite> <!-- tests.CityTest -->
