<?xml version="1.0" encoding="UTF-8"?>
<!-- Generated by org.testng.reporters.JUnitReportReporter -->
<testsuite hostname="DESKTOP-B4DE2CC" failures="0" tests="4" name="tests.GiftCardTest" time="87.334" errors="0" timestamp="2025-09-18T21:17:04 IST" skipped="0">
  <testcase classname="tests.GiftCardTest" name="testGiftCardSection" time="30.380"/>
  <testcase classname="tests.GiftCardTest" name="testGiftCardSection" time="20.390"/>
  <testcase classname="tests.GiftCardTest" name="testInvalidGiftVoucher" time="18.194"/>
  <testcase classname="tests.GiftCardTest" name="testInvalidGiftVoucher" time="18.370"/>
</testsuite> <!-- tests.GiftCardTest -->
