<?xml version="1.0" encoding="UTF-8"?>
<!-- Generated by org.testng.reporters.JUnitReportReporter -->
<testsuite hostname="DESKTOP-B4DE2CC" failures="0" tests="8" name="tests.CityTest" time="96.052" errors="0" timestamp="2025-09-21T15:15:01 IST" skipped="0">
  <testcase classname="tests.CityTest" name="testChangeLocation" time="17.746"/>
  <testcase classname="tests.CityTest" name="testSearchAndSelectCity" time="16.930"/>
  <testcase classname="tests.CityTest" name="testSelectCityByIcon" time="6.494"/>
  <testcase classname="tests.CityTest" name="testViewAllCities" time="7.079"/>
  <testcase classname="tests.CityTest" name="testSelectCityByIcon" time="5.884"/>
  <testcase classname="tests.CityTest" name="testChangeLocation" time="17.835"/>
  <testcase classname="tests.CityTest" name="testSearchAndSelectCity" time="17.360"/>
  <testcase classname="tests.CityTest" name="testViewAllCities" time="6.724"/>
</testsuite> <!-- tests.CityTest -->
